Design Assistant report for base_sdram
Tue Sep 10 16:39:08 2019
Quartus Prime Version 16.1.0 Build 196 10/24/2016 SJ Lite Edition


---------------------
; Table of Contents ;
---------------------
  1. Legal Notice
  2. Design Assistant Summary
  3. Parallel Compilation
  4. Design Assistant Settings
  5. High Violations
  6. Medium Violations
  7. Information only Violations
  8. Design Assistant Messages



----------------
; Legal Notice ;
----------------
Copyright (C) 2016  Intel Corporation. All rights reserved.
Your use of Intel Corporation's design tools, logic functions 
and other software and tools, and its AMPP partner logic 
functions, and any output files from any of the foregoing 
(including device programming or simulation files), and any 
associated documentation or information are expressly subject 
to the terms and conditions of the Intel Program License 
Subscription Agreement, the Intel Quartus Prime License Agreement,
the Intel MegaCore Function License Agreement, or other 
applicable license agreement, including, without limitation, 
that your use is for the sole purpose of programming logic 
devices manufactured by Intel and sold by Intel or its 
authorized distributors.  Please refer to the applicable 
agreement for further details.



+-------------------------------------------------------------------------+
; Design Assistant Summary                                                ;
+-----------------------------------+-------------------------------------+
; Design Assistant Status           ; Analyzed - Tue Sep 10 16:39:08 2019 ;
; Revision Name                     ; base_sdram                          ;
; Top-level Entity Name             ; DE1_SOC_golden_top                  ;
; Family                            ; Cyclone V                           ;
; Total Critical Violations         ; 0                                   ;
; Total High Violations             ; 1                                   ;
; - Rule C105                       ; 1                                   ;
; Total Medium Violations           ; 1                                   ;
; - Rule C104                       ; 1                                   ;
; Total Information only Violations ; 124                                 ;
; - Rule T101                       ; 74                                  ;
; - Rule T102                       ; 50                                  ;
+-----------------------------------+-------------------------------------+


+------------------------------------------+
; Parallel Compilation                     ;
+----------------------------+-------------+
; Processors                 ; Number      ;
+----------------------------+-------------+
; Number detected on machine ; 8           ;
; Maximum allowed            ; 4           ;
;                            ;             ;
; Average used               ; 1.00        ;
; Maximum used               ; 4           ;
;                            ;             ;
; Usage by Processor         ; % Time Used ;
;     Processor 1            ; 100.0%      ;
;     Processor 2            ;   0.2%      ;
;     Processor 3            ;   0.1%      ;
;     Processor 4            ;   0.1%      ;
+----------------------------+-------------+


+------------------------------------------------------------------------------------------------------------------------------------------------------------------------------------------------+
; Design Assistant Settings                                                                                                                                                                      ;
+----------------------------------------------------------------------------------------------------------------------------------------------------------------------+--------------+----------+
; Option                                                                                                                                                               ; Setting      ; To       ;
+----------------------------------------------------------------------------------------------------------------------------------------------------------------------+--------------+----------+
; Design Assistant mode                                                                                                                                                ; Post-Fitting ;          ;
; Threshold value for clock net not mapped to clock spines rule                                                                                                        ; 25           ;          ;
; Minimum number of clock port feed by gated clocks                                                                                                                    ; 30           ;          ;
; Minimum number of node fan-out                                                                                                                                       ; 30           ;          ;
; Maximum number of nodes to report                                                                                                                                    ; 50           ;          ;
; Rule C101: Gated clock should be implemented according to the Intel FPGA standard scheme                                                                             ; On           ;          ;
; Rule C102: Logic cell should not be used to generate an inverted clock signal                                                                                        ; On           ;          ;
; Rule C103: Gated clock does not feed at least a pre-defined number of clock ports to effectively save power                                                          ; On           ;          ;
; Rule C104: Clock signal source should drive only clock input ports                                                                                                   ; On           ;          ;
; Rule C105: Clock signal should be a global signal                                                                                                                    ; On           ;          ;
; Rule C106: Clock signal source should not drive registers triggered by different clock edges                                                                         ; On           ;          ;
; Rule R101: Combinational logic used as a reset signal should be synchronized                                                                                         ; On           ;          ;
; Rule R102: External reset signals should be synchronized using two cascaded registers                                                                                ; On           ;          ;
; Rule R103: External reset signal should be correctly synchronized                                                                                                    ; On           ;          ;
; Rule R104: The reset signal that is generated in one clock domain and used in another clock domain should be correctly synchronized                                  ; On           ;          ;
; Rule R105: The reset signal that is generated in one clock domain and used in another clock domain should be synchronized                                            ; On           ;          ;
; Rule T101: Nodes with more than the specified number of fan-outs                                                                                                     ; On           ;          ;
; Rule T102: Top nodes with the highest number of fan-outs                                                                                                             ; On           ;          ;
; Rule A101: Design should not contain combinational loops                                                                                                             ; On           ;          ;
; Rule A102: Register output should not drive its own control signal directly or through combinational logic                                                           ; On           ;          ;
; Rule A103: Design should not contain delay chains                                                                                                                    ; On           ;          ;
; Rule A104: Design should not contain ripple clock structures                                                                                                         ; On           ;          ;
; Rule A105: Pulses should not be implemented asynchronously                                                                                                           ; On           ;          ;
; Rule A106: Multiple pulses should not be generated in design                                                                                                         ; On           ;          ;
; Rule A107: Design should not contain SR latches                                                                                                                      ; On           ;          ;
; Rule A108: Design should not contain latches                                                                                                                         ; On           ;          ;
; Rule S101: Output enable and input of the same tri-state node should not be driven by same signal source                                                             ; On           ;          ;
; Rule S102: Synchronous port and asynchronous port of the same register should not be driven by the same signal source                                                ; On           ;          ;
; Rule S103: More than one asynchronous port of a register should not be driven by the same signal source                                                              ; On           ;          ;
; Rule S104: Clock port and any other port of a register should not be driven by the same signal source                                                                ; On           ;          ;
; Rule D101: Data bits are not synchronized when transferred between asynchronous clock domains                                                                        ; On           ;          ;
; Rule D102: Multiple data bits that are transferred across asynchronous clock domains are synchronized, but not all bits may be aligned in the receiving clock domain ; On           ;          ;
; Rule D103: Data bits are not correctly synchronized when transferred between asynchronous clock domains                                                              ; On           ;          ;
; Rule D102: Multiple data bits that are transferred across asynchronous clock domains are synchronized, but not all bits may be aligned in the receiving clock domain ; Off          ; wdata[5] ;
; Rule D102: Multiple data bits that are transferred across asynchronous clock domains are synchronized, but not all bits may be aligned in the receiving clock domain ; Off          ; wdata[7] ;
; Rule D102: Multiple data bits that are transferred across asynchronous clock domains are synchronized, but not all bits may be aligned in the receiving clock domain ; Off          ; wdata[1] ;
; Rule D102: Multiple data bits that are transferred across asynchronous clock domains are synchronized, but not all bits may be aligned in the receiving clock domain ; Off          ; wdata[6] ;
; Rule D102: Multiple data bits that are transferred across asynchronous clock domains are synchronized, but not all bits may be aligned in the receiving clock domain ; Off          ; wdata[4] ;
; Rule D102: Multiple data bits that are transferred across asynchronous clock domains are synchronized, but not all bits may be aligned in the receiving clock domain ; Off          ; wdata[0] ;
; Rule D102: Multiple data bits that are transferred across asynchronous clock domains are synchronized, but not all bits may be aligned in the receiving clock domain ; Off          ; wdata[2] ;
; Rule D102: Multiple data bits that are transferred across asynchronous clock domains are synchronized, but not all bits may be aligned in the receiving clock domain ; Off          ; wdata[3] ;
+----------------------------------------------------------------------------------------------------------------------------------------------------------------------+--------------+----------+


+----------------------------------------------------------------------------------+
; High Violations                                                                  ;
+---------------------------------------------------+------------------------------+
; Rule name                                         ; Name                         ;
+---------------------------------------------------+------------------------------+
; Rule C105: Clock signal should be a global signal ; altera_internal_jtag~TCKUTAP ;
+---------------------------------------------------+------------------------------+


+------------------------------------------------------------------------------------------------------------------------------------------------------------------------------------------------------------------+
; Medium Violations                                                                                                                                                                                                ;
+--------------------------------------------------------------------+---------------------------------------------------------------------------------------------------------------------------------------------+
; Rule name                                                          ; Name                                                                                                                                        ;
+--------------------------------------------------------------------+---------------------------------------------------------------------------------------------------------------------------------------------+
; Rule C104: Clock signal source should drive only clock input ports ; nios2:nios2_sdram|nios2_clocks:clocks|nios2_clocks_sys_pll:sys_pll|altera_pll:altera_pll_i|general[0].gpll~FRACTIONAL_PLL_O_VCOPH0          ;
;  Clock ports destination node(s) list                              ; nios2:nios2_sdram|nios2_sdram:sdram|m_addr[0]                                                                                               ;
;  Clock ports destination node(s) list                              ; nios2:nios2_sdram|altera_reset_controller:rst_controller|r_sync_rst                                                                         ;
;  Clock ports destination node(s) list                              ; nios2:nios2_sdram|altera_reset_controller:rst_controller|r_sync_rst_chain[1]                                                                ;
;  Clock ports destination node(s) list                              ; nios2:nios2_sdram|altera_reset_controller:rst_controller|altera_reset_synchronizer_int_chain[2]                                             ;
;  Clock ports destination node(s) list                              ; nios2:nios2_sdram|altera_reset_controller:rst_controller|altera_reset_synchronizer_int_chain[1]                                             ;
;  Clock ports destination node(s) list                              ; nios2:nios2_sdram|altera_reset_controller:rst_controller|altera_reset_synchronizer_int_chain[0]                                             ;
;  Clock ports destination node(s) list                              ; nios2:nios2_sdram|altera_reset_controller:rst_controller|altera_reset_synchronizer:alt_rst_sync_uq1|altera_reset_synchronizer_int_chain_out ;
;  Clock ports destination node(s) list                              ; nios2:nios2_sdram|altera_reset_controller:rst_controller|altera_reset_synchronizer:alt_rst_sync_uq1|altera_reset_synchronizer_int_chain[0]  ;
;  Clock ports destination node(s) list                              ; nios2:nios2_sdram|altera_reset_controller:rst_controller|altera_reset_synchronizer:alt_rst_sync_uq1|altera_reset_synchronizer_int_chain[1]  ;
;  Clock ports destination node(s) list                              ; nios2:nios2_sdram|altera_reset_controller:rst_controller|r_sync_rst_chain[2]                                                                ;
;  Non-clock ports destination node(s) list                          ; nios2:nios2_sdram|nios2_video_pll_0:video_pll_0|nios2_video_pll_0_video_pll:video_pll|altera_pll:altera_pll_i|general[0].gpll               ;
+--------------------------------------------------------------------+---------------------------------------------------------------------------------------------------------------------------------------------+


+----------------------------------------------------------------------------------------------------------------------------------------------------------------------------------------------------------------------------------------------------------------------------------------------------------------------------------------------------------------------------------------------------------------------------------+
; Information only Violations                                                                                                                                                                                                                                                                                                                                                                                                      ;
+------------------------------------------------------------------+-----------------------------------------------------------------------------------------------------------------------------------------------------------------------------------------------------------------------------------------------------------------------------------------------------------------------------------------------------+---------+
; Rule name                                                        ; Name                                                                                                                                                                                                                                                                                                                                                ; Fan-Out ;
+------------------------------------------------------------------+-----------------------------------------------------------------------------------------------------------------------------------------------------------------------------------------------------------------------------------------------------------------------------------------------------------------------------------------------------+---------+
; Rule T101: Nodes with more than the specified number of fan-outs ; nios2:nios2_sdram|nios2_clocks:clocks|nios2_clocks_sys_pll:sys_pll|altera_pll:altera_pll_i|outclk_wire[0]~CLKENA0                                                                                                                                                                                                                                   ; 1485    ;
; Rule T101: Nodes with more than the specified number of fan-outs ; nios2:nios2_sdram|altera_reset_controller:rst_controller|r_sync_rst                                                                                                                                                                                                                                                                                 ; 569     ;
; Rule T101: Nodes with more than the specified number of fan-outs ; nios2:nios2_sdram|nios2_sdram:sdram|nios2_sdram_input_efifo_module:the_nios2_sdram_input_efifo_module|entry_1[43]~0                                                                                                                                                                                                                                 ; 44      ;
; Rule T101: Nodes with more than the specified number of fan-outs ; nios2:nios2_sdram|nios2_mm_interconnect_0:mm_interconnect_0|nios2_mm_interconnect_0_cmd_mux_001:cmd_mux_002|saved_grant[0]                                                                                                                                                                                                                          ; 73      ;
; Rule T101: Nodes with more than the specified number of fan-outs ; nios2:nios2_sdram|nios2_mm_interconnect_0:mm_interconnect_0|nios2_mm_interconnect_0_cmd_mux_001:cmd_mux_002|saved_grant[1]                                                                                                                                                                                                                          ; 49      ;
; Rule T101: Nodes with more than the specified number of fan-outs ; nios2:nios2_sdram|altera_reset_controller:rst_controller_001|r_sync_rst                                                                                                                                                                                                                                                                             ; 515     ;
; Rule T101: Nodes with more than the specified number of fan-outs ; nios2:nios2_sdram|nios2_nios2:nios2|nios2_nios2_cpu:cpu|nios2_nios2_cpu_nios2_oci:the_nios2_nios2_cpu_nios2_oci|nios2_nios2_cpu_debug_slave_wrapper:the_nios2_nios2_cpu_debug_slave_wrapper|nios2_nios2_cpu_debug_slave_sysclk:the_nios2_nios2_cpu_debug_slave_sysclk|update_jdo_strobe                                                             ; 39      ;
; Rule T101: Nodes with more than the specified number of fan-outs ; altera_internal_jtag~TCKUTAP                                                                                                                                                                                                                                                                                                                        ; 174     ;
; Rule T101: Nodes with more than the specified number of fan-outs ; sld_hub:auto_hub|alt_sld_fab_with_jtag_input:\instrumentation_fabric_with_node_gen:fabric_gen_new_way:with_jtag_input_gen:instrumentation_fabric|alt_sld_fab:instrumentation_fabric|alt_sld_fab_alt_sld_fab:alt_sld_fab|alt_sld_fab_alt_sld_fab_sldfabric:sldfabric|sld_jtag_hub:\jtag_hub_gen:real_sld_jtag_hub|sld_shadow_jsm:shadow_jsm|state[3] ; 38      ;
; Rule T101: Nodes with more than the specified number of fan-outs ; sld_hub:auto_hub|alt_sld_fab_with_jtag_input:\instrumentation_fabric_with_node_gen:fabric_gen_new_way:with_jtag_input_gen:instrumentation_fabric|alt_sld_fab:instrumentation_fabric|alt_sld_fab_alt_sld_fab:alt_sld_fab|alt_sld_fab_alt_sld_fab_sldfabric:sldfabric|sld_jtag_hub:\jtag_hub_gen:real_sld_jtag_hub|sld_shadow_jsm:shadow_jsm|state[4] ; 54      ;
; Rule T101: Nodes with more than the specified number of fan-outs ; sld_hub:auto_hub|alt_sld_fab_with_jtag_input:\instrumentation_fabric_with_node_gen:fabric_gen_new_way:with_jtag_input_gen:instrumentation_fabric|alt_sld_fab:instrumentation_fabric|alt_sld_fab_alt_sld_fab:alt_sld_fab|alt_sld_fab_alt_sld_fab_sldfabric:sldfabric|sld_jtag_hub:\jtag_hub_gen:real_sld_jtag_hub|clr_reg                            ; 60      ;
; Rule T101: Nodes with more than the specified number of fan-outs ; sld_hub:auto_hub|alt_sld_fab_with_jtag_input:\instrumentation_fabric_with_node_gen:fabric_gen_new_way:with_jtag_input_gen:instrumentation_fabric|alt_sld_fab:instrumentation_fabric|alt_sld_fab_alt_sld_fab:alt_sld_fab|alt_sld_fab_alt_sld_fab_sldfabric:sldfabric|sld_jtag_hub:\jtag_hub_gen:real_sld_jtag_hub|virtual_ir_scan_reg                ; 40      ;
; Rule T101: Nodes with more than the specified number of fan-outs ; nios2:nios2_sdram|nios2_nios2:nios2|nios2_nios2_cpu:cpu|D_iw[1]                                                                                                                                                                                                                                                                                     ; 34      ;
; Rule T101: Nodes with more than the specified number of fan-outs ; nios2:nios2_sdram|nios2_nios2:nios2|nios2_nios2_cpu:cpu|F_valid~0                                                                                                                                                                                                                                                                                   ; 34      ;
; Rule T101: Nodes with more than the specified number of fan-outs ; nios2:nios2_sdram|nios2_mm_interconnect_0:mm_interconnect_0|nios2_mm_interconnect_0_rsp_demux_001:rsp_demux_001|src1_valid~0                                                                                                                                                                                                                        ; 33      ;
; Rule T101: Nodes with more than the specified number of fan-outs ; nios2:nios2_sdram|nios2_nios2:nios2|nios2_nios2_cpu:cpu|E_new_inst                                                                                                                                                                                                                                                                                  ; 54      ;
; Rule T101: Nodes with more than the specified number of fan-outs ; nios2:nios2_sdram|nios2_nios2:nios2|nios2_nios2_cpu:cpu|R_ctrl_ld                                                                                                                                                                                                                                                                                   ; 35      ;
; Rule T101: Nodes with more than the specified number of fan-outs ; nios2:nios2_sdram|nios2_nios2:nios2|nios2_nios2_cpu:cpu|D_iw[4]                                                                                                                                                                                                                                                                                     ; 39      ;
; Rule T101: Nodes with more than the specified number of fan-outs ; nios2:nios2_sdram|nios2_mm_interconnect_0:mm_interconnect_0|nios2_mm_interconnect_0_cmd_demux_002:rsp_demux|src2_valid                                                                                                                                                                                                                              ; 33      ;
; Rule T101: Nodes with more than the specified number of fan-outs ; nios2:nios2_sdram|nios2_mm_interconnect_0:mm_interconnect_0|altera_avalon_sc_fifo:onchip_memory_s1_agent_rdata_fifo|mem_used[0]                                                                                                                                                                                                                     ; 40      ;
; Rule T101: Nodes with more than the specified number of fan-outs ; nios2:nios2_sdram|nios2_mm_interconnect_0:mm_interconnect_0|altera_merlin_slave_translator:onchip_memory_s1_translator|read_latency_shift_reg[0]~DUPLICATE                                                                                                                                                                                          ; 38      ;
; Rule T101: Nodes with more than the specified number of fan-outs ; nios2:nios2_sdram|nios2_nios2:nios2|nios2_nios2_cpu:cpu|R_logic_op[0]                                                                                                                                                                                                                                                                               ; 36      ;
; Rule T101: Nodes with more than the specified number of fan-outs ; nios2:nios2_sdram|nios2_nios2:nios2|nios2_nios2_cpu:cpu|D_iw[14]                                                                                                                                                                                                                                                                                    ; 37      ;
; Rule T101: Nodes with more than the specified number of fan-outs ; nios2:nios2_sdram|nios2_nios2:nios2|nios2_nios2_cpu:cpu|D_iw[2]                                                                                                                                                                                                                                                                                     ; 36      ;
; Rule T101: Nodes with more than the specified number of fan-outs ; nios2:nios2_sdram|nios2_mm_interconnect_0:mm_interconnect_0|altera_avalon_sc_fifo:onchip_memory_s1_agent_rdata_fifo|always0~0                                                                                                                                                                                                                       ; 32      ;
; Rule T101: Nodes with more than the specified number of fan-outs ; nios2:nios2_sdram|nios2_video_pll_0:video_pll_0|nios2_video_pll_0_video_pll:video_pll|altera_pll:altera_pll_i|outclk_wire[1]~CLKENA0                                                                                                                                                                                                                ; 466     ;
; Rule T101: Nodes with more than the specified number of fan-outs ; nios2:nios2_sdram|altera_reset_controller:rst_controller_002|altera_reset_synchronizer:alt_rst_sync_uq1|altera_reset_synchronizer_int_chain_out                                                                                                                                                                                                     ; 402     ;
; Rule T101: Nodes with more than the specified number of fan-outs ; nios2:nios2_sdram|nios2_mm_interconnect_0:mm_interconnect_0|nios2_mm_interconnect_0_cmd_mux_001:cmd_mux_001|saved_grant[0]                                                                                                                                                                                                                          ; 53      ;
; Rule T101: Nodes with more than the specified number of fan-outs ; nios2:nios2_sdram|nios2_nios2:nios2|nios2_nios2_cpu:cpu|D_iw[0]                                                                                                                                                                                                                                                                                     ; 35      ;
; Rule T101: Nodes with more than the specified number of fan-outs ; nios2:nios2_sdram|nios2_mm_interconnect_0:mm_interconnect_0|altera_merlin_slave_translator:nios2_debug_mem_slave_translator|read_latency_shift_reg[0]                                                                                                                                                                                               ; 59      ;
; Rule T101: Nodes with more than the specified number of fan-outs ; nios2:nios2_sdram|nios2_nios2:nios2|nios2_nios2_cpu:cpu|nios2_nios2_cpu_nios2_oci:the_nios2_nios2_cpu_nios2_oci|address[8]                                                                                                                                                                                                                          ; 35      ;
; Rule T101: Nodes with more than the specified number of fan-outs ; nios2:nios2_sdram|nios2_nios2:nios2|nios2_nios2_cpu:cpu|D_iw[16]                                                                                                                                                                                                                                                                                    ; 37      ;
; Rule T101: Nodes with more than the specified number of fan-outs ; nios2:nios2_sdram|nios2_nios2:nios2|nios2_nios2_cpu:cpu|D_iw[13]                                                                                                                                                                                                                                                                                    ; 37      ;
; Rule T101: Nodes with more than the specified number of fan-outs ; nios2:nios2_sdram|nios2_mm_interconnect_0:mm_interconnect_0|altera_merlin_slave_agent:sdram_s1_agent|altera_merlin_burst_uncompressor:uncompressor|source_addr[1]~0                                                                                                                                                                                 ; 37      ;
; Rule T101: Nodes with more than the specified number of fan-outs ; nios2:nios2_sdram|nios2_mm_interconnect_0:mm_interconnect_0|altera_merlin_width_adapter:sdram_s1_cmd_width_adapter|data_reg[4]~0                                                                                                                                                                                                                    ; 43      ;
; Rule T101: Nodes with more than the specified number of fan-outs ; nios2:nios2_sdram|nios2_mm_interconnect_0:mm_interconnect_0|altera_merlin_width_adapter:sdram_s1_cmd_width_adapter|use_reg                                                                                                                                                                                                                          ; 72      ;
; Rule T101: Nodes with more than the specified number of fan-outs ; nios2:nios2_sdram|nios2_mm_interconnect_0:mm_interconnect_0|altera_avalon_sc_fifo:onchip_memory_s1_agent_rdata_fifo|mem_used[1]                                                                                                                                                                                                                     ; 34      ;
; Rule T101: Nodes with more than the specified number of fan-outs ; nios2:nios2_sdram|nios2_nios2:nios2|nios2_nios2_cpu:cpu|R_ctrl_logic                                                                                                                                                                                                                                                                                ; 32      ;
; Rule T101: Nodes with more than the specified number of fan-outs ; nios2:nios2_sdram|nios2_nios2:nios2|nios2_nios2_cpu:cpu|D_iw[12]                                                                                                                                                                                                                                                                                    ; 37      ;
; Rule T101: Nodes with more than the specified number of fan-outs ; nios2:nios2_sdram|nios2_nios2:nios2|nios2_nios2_cpu:cpu|D_iw[11]                                                                                                                                                                                                                                                                                    ; 35      ;
; Rule T101: Nodes with more than the specified number of fan-outs ; nios2:nios2_sdram|nios2_nios2:nios2|nios2_nios2_cpu:cpu|D_iw[15]                                                                                                                                                                                                                                                                                    ; 37      ;
; Rule T101: Nodes with more than the specified number of fan-outs ; nios2:nios2_sdram|nios2_video_pixel_buffer_dma_0:video_pixel_buffer_dma_0|buffer_start_address[20]~0                                                                                                                                                                                                                                                ; 36      ;
; Rule T101: Nodes with more than the specified number of fan-outs ; nios2:nios2_sdram|nios2_mm_interconnect_0:mm_interconnect_0|altera_avalon_st_handshake_clock_crosser:crosser_001|altera_avalon_st_clock_crosser:clock_xer|take_in_data~0                                                                                                                                                                            ; 42      ;
; Rule T101: Nodes with more than the specified number of fan-outs ; nios2:nios2_sdram|nios2_nios2:nios2|nios2_nios2_cpu:cpu|R_ctrl_shift_rot_right                                                                                                                                                                                                                                                                      ; 32      ;
; Rule T101: Nodes with more than the specified number of fan-outs ; nios2:nios2_sdram|nios2_nios2:nios2|nios2_nios2_cpu:cpu|R_ctrl_exception                                                                                                                                                                                                                                                                            ; 31      ;
; Rule T101: Nodes with more than the specified number of fan-outs ; sld_hub:auto_hub|alt_sld_fab_with_jtag_input:\instrumentation_fabric_with_node_gen:fabric_gen_new_way:with_jtag_input_gen:instrumentation_fabric|alt_sld_fab:instrumentation_fabric|alt_sld_fab_alt_sld_fab:alt_sld_fab|alt_sld_fab_alt_sld_fab_sldfabric:sldfabric|sld_jtag_hub:\jtag_hub_gen:real_sld_jtag_hub|irf_reg[2][1]                      ; 42      ;
; Rule T101: Nodes with more than the specified number of fan-outs ; nios2:nios2_sdram|nios2_nios2:nios2|nios2_nios2_cpu:cpu|nios2_nios2_cpu_nios2_oci:the_nios2_nios2_cpu_nios2_oci|nios2_nios2_cpu_nios2_oci_break:the_nios2_nios2_cpu_nios2_oci_break|break_readreg[11]~0                                                                                                                                             ; 33      ;
; Rule T101: Nodes with more than the specified number of fan-outs ; nios2:nios2_sdram|nios2_nios2:nios2|nios2_nios2_cpu:cpu|nios2_nios2_cpu_nios2_oci:the_nios2_nios2_cpu_nios2_oci|nios2_nios2_cpu_nios2_ocimem:the_nios2_nios2_cpu_nios2_ocimem|MonDReg[0]~1                                                                                                                                                          ; 37      ;
; Rule T101: Nodes with more than the specified number of fan-outs ; nios2:nios2_sdram|nios2_nios2:nios2|nios2_nios2_cpu:cpu|nios2_nios2_cpu_nios2_oci:the_nios2_nios2_cpu_nios2_oci|nios2_nios2_cpu_debug_slave_wrapper:the_nios2_nios2_cpu_debug_slave_wrapper|sld_virtual_jtag_basic:nios2_nios2_cpu_debug_slave_phy|virtual_state_sdr~0                                                                              ; 36      ;
; Rule T101: Nodes with more than the specified number of fan-outs ; nios2:nios2_sdram|nios2_nios2:nios2|nios2_nios2_cpu:cpu|nios2_nios2_cpu_nios2_oci:the_nios2_nios2_cpu_nios2_oci|nios2_nios2_cpu_debug_slave_wrapper:the_nios2_nios2_cpu_debug_slave_wrapper|nios2_nios2_cpu_debug_slave_sysclk:the_nios2_nios2_cpu_debug_slave_sysclk|take_action_ocimem_b                                                          ; 42      ;
; Rule T101: Nodes with more than the specified number of fan-outs ; nios2:nios2_sdram|nios2_nios2:nios2|nios2_nios2_cpu:cpu|nios2_nios2_cpu_nios2_oci:the_nios2_nios2_cpu_nios2_oci|nios2_nios2_cpu_nios2_oci_break:the_nios2_nios2_cpu_nios2_oci_break|break_readreg[11]~1                                                                                                                                             ; 32      ;
; Rule T101: Nodes with more than the specified number of fan-outs ; nios2:nios2_sdram|nios2_nios2:nios2|nios2_nios2_cpu:cpu|R_src1~0                                                                                                                                                                                                                                                                                    ; 32      ;
; Rule T101: Nodes with more than the specified number of fan-outs ; nios2:nios2_sdram|nios2_nios2:nios2|nios2_nios2_cpu:cpu|D_iw[3]                                                                                                                                                                                                                                                                                     ; 37      ;
; Rule T101: Nodes with more than the specified number of fan-outs ; nios2:nios2_sdram|nios2_nios2:nios2|nios2_nios2_cpu:cpu|R_src1~1                                                                                                                                                                                                                                                                                    ; 32      ;
; Rule T101: Nodes with more than the specified number of fan-outs ; nios2:nios2_sdram|nios2_nios2:nios2|nios2_nios2_cpu:cpu|E_alu_sub                                                                                                                                                                                                                                                                                   ; 34      ;
; Rule T101: Nodes with more than the specified number of fan-outs ; nios2:nios2_sdram|nios2_video_pixel_buffer_dma_0:video_pixel_buffer_dma_0|always3~0                                                                                                                                                                                                                                                                 ; 37      ;
; Rule T101: Nodes with more than the specified number of fan-outs ; nios2:nios2_sdram|nios2_mm_interconnect_0:mm_interconnect_0|altera_avalon_sc_fifo:video_pixel_buffer_dma_0_avalon_control_slave_agent_rdata_fifo|mem_used[1]                                                                                                                                                                                        ; 34      ;
; Rule T101: Nodes with more than the specified number of fan-outs ; nios2:nios2_sdram|nios2_mm_interconnect_0:mm_interconnect_0|nios2_mm_interconnect_0_cmd_mux:cmd_mux|saved_grant[1]                                                                                                                                                                                                                                  ; 51      ;
; Rule T101: Nodes with more than the specified number of fan-outs ; nios2:nios2_sdram|nios2_nios2:nios2|nios2_nios2_cpu:cpu|R_logic_op[1]~DUPLICATE                                                                                                                                                                                                                                                                     ; 33      ;
; Rule T101: Nodes with more than the specified number of fan-outs ; nios2:nios2_sdram|nios2_nios2:nios2|nios2_nios2_cpu:cpu|R_ctrl_shift_rot                                                                                                                                                                                                                                                                            ; 33      ;
; Rule T101: Nodes with more than the specified number of fan-outs ; nios2:nios2_sdram|nios2_nios2:nios2|nios2_nios2_cpu:cpu|E_alu_result~1                                                                                                                                                                                                                                                                              ; 32      ;
; Rule T101: Nodes with more than the specified number of fan-outs ; nios2:nios2_sdram|nios2_nios2:nios2|nios2_nios2_cpu:cpu|R_ctrl_rd_ctl_reg                                                                                                                                                                                                                                                                           ; 33      ;
; Rule T101: Nodes with more than the specified number of fan-outs ; nios2:nios2_sdram|nios2_nios2:nios2|nios2_nios2_cpu:cpu|R_ctrl_br_cmp                                                                                                                                                                                                                                                                               ; 33      ;
; Rule T101: Nodes with more than the specified number of fan-outs ; nios2:nios2_sdram|nios2_nios2:nios2|nios2_nios2_cpu:cpu|nios2_nios2_cpu_nios2_oci:the_nios2_nios2_cpu_nios2_oci|nios2_nios2_cpu_nios2_ocimem:the_nios2_nios2_cpu_nios2_ocimem|jtag_ram_access                                                                                                                                                       ; 47      ;
; Rule T101: Nodes with more than the specified number of fan-outs ; nios2:nios2_sdram|nios2_mm_interconnect_0:mm_interconnect_0|nios2_mm_interconnect_0_cmd_demux_002:rsp_demux|src1_valid~0                                                                                                                                                                                                                            ; 33      ;
; Rule T101: Nodes with more than the specified number of fan-outs ; nios2:nios2_sdram|nios2_mm_interconnect_0:mm_interconnect_0|altera_avalon_st_handshake_clock_crosser:crosser_003|altera_avalon_st_clock_crosser:clock_xer|out_valid                                                                                                                                                                                 ; 33      ;
; Rule T101: Nodes with more than the specified number of fan-outs ; nios2:nios2_sdram|nios2_nios2:nios2|nios2_nios2_cpu:cpu|av_ld_aligning_data                                                                                                                                                                                                                                                                         ; 32      ;
; Rule T101: Nodes with more than the specified number of fan-outs ; nios2:nios2_sdram|nios2_mm_interconnect_0:mm_interconnect_0|altera_avalon_st_handshake_clock_crosser:crosser_003|altera_avalon_st_clock_crosser:clock_xer|take_in_data                                                                                                                                                                              ; 32      ;
; Rule T101: Nodes with more than the specified number of fan-outs ; nios2:nios2_sdram|nios2_video_pixel_buffer_dma_0:video_pixel_buffer_dma_0|slave_readdata[10]~2                                                                                                                                                                                                                                                      ; 34      ;
; Rule T101: Nodes with more than the specified number of fan-outs ; nios2:nios2_sdram|nios2_mm_interconnect_0:mm_interconnect_0|altera_avalon_sc_fifo:video_pixel_buffer_dma_0_avalon_control_slave_agent_rdata_fifo|always4~0                                                                                                                                                                                          ; 32      ;
; Rule T101: Nodes with more than the specified number of fan-outs ; nios2:nios2_sdram|nios2_mm_interconnect_0:mm_interconnect_0|altera_avalon_sc_fifo:video_pixel_buffer_dma_0_avalon_control_slave_agent_rdata_fifo|always0~0                                                                                                                                                                                          ; 32      ;
; Rule T101: Nodes with more than the specified number of fan-outs ; nios2:nios2_sdram|nios2_sdram:sdram|nios2_sdram_input_efifo_module:the_nios2_sdram_input_efifo_module|entry_0[43]~0                                                                                                                                                                                                                                 ; 45      ;
; Rule T101: Nodes with more than the specified number of fan-outs ; nios2:nios2_sdram|nios2_sdram:sdram|active_rnw~2                                                                                                                                                                                                                                                                                                    ; 44      ;
; Rule T101: Nodes with more than the specified number of fan-outs ; nios2:nios2_sdram|nios2_sdram:sdram|nios2_sdram_input_efifo_module:the_nios2_sdram_input_efifo_module|rd_address                                                                                                                                                                                                                                    ; 59      ;
; Rule T102: Top nodes with the highest number of fan-outs         ; nios2:nios2_sdram|nios2_clocks:clocks|nios2_clocks_sys_pll:sys_pll|altera_pll:altera_pll_i|outclk_wire[0]~CLKENA0                                                                                                                                                                                                                                   ; 1485    ;
; Rule T102: Top nodes with the highest number of fan-outs         ; nios2:nios2_sdram|altera_reset_controller:rst_controller|r_sync_rst                                                                                                                                                                                                                                                                                 ; 569     ;
; Rule T102: Top nodes with the highest number of fan-outs         ; nios2:nios2_sdram|altera_reset_controller:rst_controller_001|r_sync_rst                                                                                                                                                                                                                                                                             ; 515     ;
; Rule T102: Top nodes with the highest number of fan-outs         ; nios2:nios2_sdram|nios2_video_pll_0:video_pll_0|nios2_video_pll_0_video_pll:video_pll|altera_pll:altera_pll_i|outclk_wire[1]~CLKENA0                                                                                                                                                                                                                ; 466     ;
; Rule T102: Top nodes with the highest number of fan-outs         ; nios2:nios2_sdram|altera_reset_controller:rst_controller_002|altera_reset_synchronizer:alt_rst_sync_uq1|altera_reset_synchronizer_int_chain_out                                                                                                                                                                                                     ; 402     ;
; Rule T102: Top nodes with the highest number of fan-outs         ; altera_internal_jtag~TCKUTAP                                                                                                                                                                                                                                                                                                                        ; 174     ;
; Rule T102: Top nodes with the highest number of fan-outs         ; nios2:nios2_sdram|nios2_mm_interconnect_0:mm_interconnect_0|nios2_mm_interconnect_0_cmd_mux_001:cmd_mux_002|saved_grant[0]                                                                                                                                                                                                                          ; 73      ;
; Rule T102: Top nodes with the highest number of fan-outs         ; nios2:nios2_sdram|nios2_mm_interconnect_0:mm_interconnect_0|altera_merlin_width_adapter:sdram_s1_cmd_width_adapter|use_reg                                                                                                                                                                                                                          ; 72      ;
; Rule T102: Top nodes with the highest number of fan-outs         ; sld_hub:auto_hub|alt_sld_fab_with_jtag_input:\instrumentation_fabric_with_node_gen:fabric_gen_new_way:with_jtag_input_gen:instrumentation_fabric|alt_sld_fab:instrumentation_fabric|alt_sld_fab_alt_sld_fab:alt_sld_fab|alt_sld_fab_alt_sld_fab_sldfabric:sldfabric|sld_jtag_hub:\jtag_hub_gen:real_sld_jtag_hub|clr_reg                            ; 60      ;
; Rule T102: Top nodes with the highest number of fan-outs         ; nios2:nios2_sdram|nios2_sdram:sdram|nios2_sdram_input_efifo_module:the_nios2_sdram_input_efifo_module|rd_address                                                                                                                                                                                                                                    ; 59      ;
; Rule T102: Top nodes with the highest number of fan-outs         ; nios2:nios2_sdram|nios2_mm_interconnect_0:mm_interconnect_0|altera_merlin_slave_translator:nios2_debug_mem_slave_translator|read_latency_shift_reg[0]                                                                                                                                                                                               ; 59      ;
; Rule T102: Top nodes with the highest number of fan-outs         ; sld_hub:auto_hub|alt_sld_fab_with_jtag_input:\instrumentation_fabric_with_node_gen:fabric_gen_new_way:with_jtag_input_gen:instrumentation_fabric|alt_sld_fab:instrumentation_fabric|alt_sld_fab_alt_sld_fab:alt_sld_fab|alt_sld_fab_alt_sld_fab_sldfabric:sldfabric|sld_jtag_hub:\jtag_hub_gen:real_sld_jtag_hub|sld_shadow_jsm:shadow_jsm|state[4] ; 54      ;
; Rule T102: Top nodes with the highest number of fan-outs         ; nios2:nios2_sdram|nios2_nios2:nios2|nios2_nios2_cpu:cpu|E_new_inst                                                                                                                                                                                                                                                                                  ; 54      ;
; Rule T102: Top nodes with the highest number of fan-outs         ; nios2:nios2_sdram|nios2_mm_interconnect_0:mm_interconnect_0|nios2_mm_interconnect_0_cmd_mux_001:cmd_mux_001|saved_grant[0]                                                                                                                                                                                                                          ; 53      ;
; Rule T102: Top nodes with the highest number of fan-outs         ; nios2:nios2_sdram|nios2_mm_interconnect_0:mm_interconnect_0|nios2_mm_interconnect_0_cmd_mux:cmd_mux|saved_grant[1]                                                                                                                                                                                                                                  ; 51      ;
; Rule T102: Top nodes with the highest number of fan-outs         ; nios2:nios2_sdram|nios2_mm_interconnect_0:mm_interconnect_0|nios2_mm_interconnect_0_cmd_mux_001:cmd_mux_002|saved_grant[1]                                                                                                                                                                                                                          ; 49      ;
; Rule T102: Top nodes with the highest number of fan-outs         ; nios2:nios2_sdram|nios2_nios2:nios2|nios2_nios2_cpu:cpu|nios2_nios2_cpu_nios2_oci:the_nios2_nios2_cpu_nios2_oci|nios2_nios2_cpu_nios2_ocimem:the_nios2_nios2_cpu_nios2_ocimem|jtag_ram_access                                                                                                                                                       ; 47      ;
; Rule T102: Top nodes with the highest number of fan-outs         ; nios2:nios2_sdram|nios2_sdram:sdram|nios2_sdram_input_efifo_module:the_nios2_sdram_input_efifo_module|entry_0[43]~0                                                                                                                                                                                                                                 ; 45      ;
; Rule T102: Top nodes with the highest number of fan-outs         ; nios2:nios2_sdram|nios2_sdram:sdram|active_rnw~2                                                                                                                                                                                                                                                                                                    ; 44      ;
; Rule T102: Top nodes with the highest number of fan-outs         ; nios2:nios2_sdram|nios2_sdram:sdram|nios2_sdram_input_efifo_module:the_nios2_sdram_input_efifo_module|entry_1[43]~0                                                                                                                                                                                                                                 ; 44      ;
; Rule T102: Top nodes with the highest number of fan-outs         ; nios2:nios2_sdram|nios2_mm_interconnect_0:mm_interconnect_0|altera_merlin_width_adapter:sdram_s1_cmd_width_adapter|data_reg[4]~0                                                                                                                                                                                                                    ; 43      ;
; Rule T102: Top nodes with the highest number of fan-outs         ; nios2:nios2_sdram|nios2_nios2:nios2|nios2_nios2_cpu:cpu|nios2_nios2_cpu_nios2_oci:the_nios2_nios2_cpu_nios2_oci|nios2_nios2_cpu_debug_slave_wrapper:the_nios2_nios2_cpu_debug_slave_wrapper|nios2_nios2_cpu_debug_slave_sysclk:the_nios2_nios2_cpu_debug_slave_sysclk|take_action_ocimem_b                                                          ; 42      ;
; Rule T102: Top nodes with the highest number of fan-outs         ; nios2:nios2_sdram|nios2_mm_interconnect_0:mm_interconnect_0|altera_avalon_st_handshake_clock_crosser:crosser_001|altera_avalon_st_clock_crosser:clock_xer|take_in_data~0                                                                                                                                                                            ; 42      ;
; Rule T102: Top nodes with the highest number of fan-outs         ; sld_hub:auto_hub|alt_sld_fab_with_jtag_input:\instrumentation_fabric_with_node_gen:fabric_gen_new_way:with_jtag_input_gen:instrumentation_fabric|alt_sld_fab:instrumentation_fabric|alt_sld_fab_alt_sld_fab:alt_sld_fab|alt_sld_fab_alt_sld_fab_sldfabric:sldfabric|sld_jtag_hub:\jtag_hub_gen:real_sld_jtag_hub|irf_reg[2][1]                      ; 42      ;
; Rule T102: Top nodes with the highest number of fan-outs         ; nios2:nios2_sdram|nios2_mm_interconnect_0:mm_interconnect_0|altera_avalon_sc_fifo:onchip_memory_s1_agent_rdata_fifo|mem_used[0]                                                                                                                                                                                                                     ; 40      ;
; Rule T102: Top nodes with the highest number of fan-outs         ; sld_hub:auto_hub|alt_sld_fab_with_jtag_input:\instrumentation_fabric_with_node_gen:fabric_gen_new_way:with_jtag_input_gen:instrumentation_fabric|alt_sld_fab:instrumentation_fabric|alt_sld_fab_alt_sld_fab:alt_sld_fab|alt_sld_fab_alt_sld_fab_sldfabric:sldfabric|sld_jtag_hub:\jtag_hub_gen:real_sld_jtag_hub|virtual_ir_scan_reg                ; 40      ;
; Rule T102: Top nodes with the highest number of fan-outs         ; nios2:nios2_sdram|nios2_nios2:nios2|nios2_nios2_cpu:cpu|D_iw[4]                                                                                                                                                                                                                                                                                     ; 39      ;
; Rule T102: Top nodes with the highest number of fan-outs         ; nios2:nios2_sdram|nios2_nios2:nios2|nios2_nios2_cpu:cpu|nios2_nios2_cpu_nios2_oci:the_nios2_nios2_cpu_nios2_oci|nios2_nios2_cpu_debug_slave_wrapper:the_nios2_nios2_cpu_debug_slave_wrapper|nios2_nios2_cpu_debug_slave_sysclk:the_nios2_nios2_cpu_debug_slave_sysclk|update_jdo_strobe                                                             ; 39      ;
; Rule T102: Top nodes with the highest number of fan-outs         ; nios2:nios2_sdram|nios2_mm_interconnect_0:mm_interconnect_0|altera_merlin_slave_translator:onchip_memory_s1_translator|read_latency_shift_reg[0]~DUPLICATE                                                                                                                                                                                          ; 38      ;
; Rule T102: Top nodes with the highest number of fan-outs         ; sld_hub:auto_hub|alt_sld_fab_with_jtag_input:\instrumentation_fabric_with_node_gen:fabric_gen_new_way:with_jtag_input_gen:instrumentation_fabric|alt_sld_fab:instrumentation_fabric|alt_sld_fab_alt_sld_fab:alt_sld_fab|alt_sld_fab_alt_sld_fab_sldfabric:sldfabric|sld_jtag_hub:\jtag_hub_gen:real_sld_jtag_hub|sld_shadow_jsm:shadow_jsm|state[3] ; 38      ;
; Rule T102: Top nodes with the highest number of fan-outs         ; nios2:nios2_sdram|nios2_nios2:nios2|nios2_nios2_cpu:cpu|D_iw[13]                                                                                                                                                                                                                                                                                    ; 37      ;
; Rule T102: Top nodes with the highest number of fan-outs         ; nios2:nios2_sdram|nios2_video_pixel_buffer_dma_0:video_pixel_buffer_dma_0|always3~0                                                                                                                                                                                                                                                                 ; 37      ;
; Rule T102: Top nodes with the highest number of fan-outs         ; nios2:nios2_sdram|nios2_nios2:nios2|nios2_nios2_cpu:cpu|D_iw[16]                                                                                                                                                                                                                                                                                    ; 37      ;
; Rule T102: Top nodes with the highest number of fan-outs         ; nios2:nios2_sdram|nios2_nios2:nios2|nios2_nios2_cpu:cpu|D_iw[12]                                                                                                                                                                                                                                                                                    ; 37      ;
; Rule T102: Top nodes with the highest number of fan-outs         ; nios2:nios2_sdram|nios2_nios2:nios2|nios2_nios2_cpu:cpu|D_iw[3]                                                                                                                                                                                                                                                                                     ; 37      ;
; Rule T102: Top nodes with the highest number of fan-outs         ; nios2:nios2_sdram|nios2_nios2:nios2|nios2_nios2_cpu:cpu|nios2_nios2_cpu_nios2_oci:the_nios2_nios2_cpu_nios2_oci|nios2_nios2_cpu_nios2_ocimem:the_nios2_nios2_cpu_nios2_ocimem|MonDReg[0]~1                                                                                                                                                          ; 37      ;
; Rule T102: Top nodes with the highest number of fan-outs         ; nios2:nios2_sdram|nios2_nios2:nios2|nios2_nios2_cpu:cpu|D_iw[14]                                                                                                                                                                                                                                                                                    ; 37      ;
; Rule T102: Top nodes with the highest number of fan-outs         ; nios2:nios2_sdram|nios2_nios2:nios2|nios2_nios2_cpu:cpu|D_iw[15]                                                                                                                                                                                                                                                                                    ; 37      ;
; Rule T102: Top nodes with the highest number of fan-outs         ; nios2:nios2_sdram|nios2_mm_interconnect_0:mm_interconnect_0|altera_merlin_slave_agent:sdram_s1_agent|altera_merlin_burst_uncompressor:uncompressor|source_addr[1]~0                                                                                                                                                                                 ; 37      ;
; Rule T102: Top nodes with the highest number of fan-outs         ; nios2:nios2_sdram|nios2_nios2:nios2|nios2_nios2_cpu:cpu|D_iw[2]                                                                                                                                                                                                                                                                                     ; 36      ;
; Rule T102: Top nodes with the highest number of fan-outs         ; nios2:nios2_sdram|nios2_nios2:nios2|nios2_nios2_cpu:cpu|nios2_nios2_cpu_nios2_oci:the_nios2_nios2_cpu_nios2_oci|nios2_nios2_cpu_debug_slave_wrapper:the_nios2_nios2_cpu_debug_slave_wrapper|sld_virtual_jtag_basic:nios2_nios2_cpu_debug_slave_phy|virtual_state_sdr~0                                                                              ; 36      ;
; Rule T102: Top nodes with the highest number of fan-outs         ; nios2:nios2_sdram|nios2_video_pixel_buffer_dma_0:video_pixel_buffer_dma_0|buffer_start_address[20]~0                                                                                                                                                                                                                                                ; 36      ;
; Rule T102: Top nodes with the highest number of fan-outs         ; nios2:nios2_sdram|nios2_nios2:nios2|nios2_nios2_cpu:cpu|R_logic_op[0]                                                                                                                                                                                                                                                                               ; 36      ;
; Rule T102: Top nodes with the highest number of fan-outs         ; nios2:nios2_sdram|nios2_nios2:nios2|nios2_nios2_cpu:cpu|R_ctrl_ld                                                                                                                                                                                                                                                                                   ; 35      ;
; Rule T102: Top nodes with the highest number of fan-outs         ; nios2:nios2_sdram|nios2_nios2:nios2|nios2_nios2_cpu:cpu|D_iw[0]                                                                                                                                                                                                                                                                                     ; 35      ;
; Rule T102: Top nodes with the highest number of fan-outs         ; nios2:nios2_sdram|nios2_nios2:nios2|nios2_nios2_cpu:cpu|nios2_nios2_cpu_nios2_oci:the_nios2_nios2_cpu_nios2_oci|address[8]                                                                                                                                                                                                                          ; 35      ;
; Rule T102: Top nodes with the highest number of fan-outs         ; nios2:nios2_sdram|nios2_nios2:nios2|nios2_nios2_cpu:cpu|D_iw[11]                                                                                                                                                                                                                                                                                    ; 35      ;
; Rule T102: Top nodes with the highest number of fan-outs         ; nios2:nios2_sdram|nios2_video_pixel_buffer_dma_0:video_pixel_buffer_dma_0|slave_readdata[10]~2                                                                                                                                                                                                                                                      ; 34      ;
; Rule T102: Top nodes with the highest number of fan-outs         ; nios2:nios2_sdram|nios2_nios2:nios2|nios2_nios2_cpu:cpu|E_alu_sub                                                                                                                                                                                                                                                                                   ; 34      ;
; Rule T102: Top nodes with the highest number of fan-outs         ; nios2:nios2_sdram|nios2_mm_interconnect_0:mm_interconnect_0|altera_avalon_sc_fifo:video_pixel_buffer_dma_0_avalon_control_slave_agent_rdata_fifo|mem_used[1]                                                                                                                                                                                        ; 34      ;
+------------------------------------------------------------------+-----------------------------------------------------------------------------------------------------------------------------------------------------------------------------------------------------------------------------------------------------------------------------------------------------------------------------------------------------+---------+


+---------------------------+
; Design Assistant Messages ;
+---------------------------+
Info: *******************************************************************
Info: Running Quartus Prime Design Assistant
    Info: Version 16.1.0 Build 196 10/24/2016 SJ Lite Edition
    Info: Processing started: Tue Sep 10 16:39:05 2019
Info: Command: quartus_drc --read_settings_files=off --write_settings_files=off base_sdram -c base_sdram
Warning (18236): Number of processors has not been specified which may cause overloading on shared machines.  Set the global assignment NUM_PARALLEL_PROCESSORS in your QSF to an appropriate value for best performance.
Info (332164): Evaluating HDL-embedded SDC commands
    Info (332165): Entity alt_jtag_atlantic
        Info (332166): set_false_path -from [get_registers {*|alt_jtag_atlantic:*|jupdate}] -to [get_registers {*|alt_jtag_atlantic:*|jupdate1*}] 
        Info (332166): set_false_path -from [get_registers {*|alt_jtag_atlantic:*|rdata[*]}] -to [get_registers {*|alt_jtag_atlantic*|td_shift[*]}]
        Info (332166): set_false_path -from [get_registers {*|alt_jtag_atlantic:*|rdata[*]}] -to [get_registers {*|alt_jtag_atlantic*|td_shift[*]}]
        Info (332166): set_false_path -from [get_registers {*|alt_jtag_atlantic:*|rdata[*]}] -to [get_registers {*|alt_jtag_atlantic*|td_shift[*]}]
        Info (332166): set_false_path -from [get_registers {*|alt_jtag_atlantic:*|rdata[*]}] -to [get_registers {*|alt_jtag_atlantic*|td_shift[*]}]
        Info (332166): set_false_path -from [get_registers {*|alt_jtag_atlantic:*|rdata[*]}] -to [get_registers {*|alt_jtag_atlantic*|td_shift[*]}]
        Info (332166): set_false_path -from [get_registers {*|alt_jtag_atlantic:*|rdata[*]}] -to [get_registers {*|alt_jtag_atlantic*|td_shift[*]}]
        Info (332166): set_false_path -from [get_registers {*|alt_jtag_atlantic:*|rdata[*]}] -to [get_registers {*|alt_jtag_atlantic*|td_shift[*]}]
        Info (332166): set_false_path -from [get_registers {*|alt_jtag_atlantic:*|rdata[*]}] -to [get_registers {*|alt_jtag_atlantic*|td_shift[*]}]
        Info (332166): set_false_path -from [get_registers {*|alt_jtag_atlantic:*|read}] -to [get_registers {*|alt_jtag_atlantic:*|read1*}] 
        Info (332166): set_false_path -from [get_registers {*|alt_jtag_atlantic:*|read_req}]
        Info (332166): set_false_path -from [get_registers {*|alt_jtag_atlantic:*|rvalid}] -to [get_registers {*|alt_jtag_atlantic*|td_shift[*]}]
        Info (332166): set_false_path -from [get_registers {*|t_dav}] -to [get_registers {*|alt_jtag_atlantic:*|tck_t_dav}]
        Info (332166): set_false_path -from [get_registers {*|alt_jtag_atlantic:*|user_saw_rvalid}] -to [get_registers {*|alt_jtag_atlantic:*|rvalid0*}]
        Info (332166): set_false_path -from [get_registers {*|alt_jtag_atlantic:*|wdata[*]}] -to [get_registers {*}]
        Info (332166): set_false_path -from [get_registers {*|alt_jtag_atlantic:*|wdata[*]}] -to [get_registers {*}]
        Info (332166): set_false_path -from [get_registers {*|alt_jtag_atlantic:*|wdata[*]}] -to [get_registers {*}]
        Info (332166): set_false_path -from [get_registers {*|alt_jtag_atlantic:*|wdata[*]}] -to [get_registers {*}]
        Info (332166): set_false_path -from [get_registers {*|alt_jtag_atlantic:*|wdata[*]}] -to [get_registers {*}]
        Info (332166): set_false_path -from [get_registers {*|alt_jtag_atlantic:*|wdata[*]}] -to [get_registers {*}]
        Info (332166): set_false_path -from [get_registers {*|alt_jtag_atlantic:*|wdata[*]}] -to [get_registers {*}]
        Info (332166): set_false_path -from [get_registers {*|alt_jtag_atlantic:*|wdata[*]}] -to [get_registers {*}]
        Info (332166): set_false_path -from [get_registers {*|alt_jtag_atlantic:*|write}] -to [get_registers {*|alt_jtag_atlantic:*|write1*}] 
        Info (332166): set_false_path -from [get_registers {*|alt_jtag_atlantic:*|write_stalled}] -to [get_registers {*|alt_jtag_atlantic:*|t_ena*}]
        Info (332166): set_false_path -from [get_registers {*|alt_jtag_atlantic:*|write_stalled}] -to [get_registers {*|alt_jtag_atlantic:*|t_pause*}]
        Info (332166): set_false_path -from [get_registers {*|alt_jtag_atlantic:*|write_valid}]
    Info (332165): Entity altera_std_synchronizer
        Info (332166): set_false_path -to [get_keepers {*altera_std_synchronizer:*|din_s1}]
    Info (332165): Entity sld_hub
        Info (332166): create_clock -name altera_reserved_tck [get_ports {altera_reserved_tck}] -period 30MHz   
        Info (332166): if { [string equal quartus_fit $::TimeQuestInfo(nameofexecutable)] } { set_max_delay -to [get_ports { altera_reserved_tdo } ] 0 }
        Info (332166): set_clock_groups -asynchronous -group {altera_reserved_tck}
Info (332104): Reading SDC File: 'nios2/synthesis/submodules/altera_reset_controller.sdc'
Info (332104): Reading SDC File: 'nios2/synthesis/submodules/altera_avalon_st_handshake_clock_crosser.sdc'
Info (332104): Reading SDC File: 'nios2/synthesis/submodules/nios2_nios2_cpu.sdc'
Critical Warning (332012): Synopsys Design Constraints File file not found: 'DE1_SOC_golden_top.sdc'. A Synopsys Design Constraints File is required by the TimeQuest Timing Analyzer to get proper timing constraints. Without it, the Compiler will not properly optimize the design.
Warning (332060): Node: CLOCK_50 was determined to be a clock but was found without an associated clock assignment.
    Info (13166): Register nios2:nios2_sdram|nios2_sdram:sdram|m_addr[0] is being clocked by CLOCK_50
Info (332143): No user constrained clock uncertainty found in the design. Calling "derive_clock_uncertainty"
Info (332123): Deriving Clock Uncertainty. Please refer to report_sdc in TimeQuest to see clock uncertainties.
Warning (332056): PLL cross checking found inconsistent PLL clock settings:
    Warning (332056): Node: nios2_sdram|clocks|sys_pll|altera_pll_i|general[0].gpll~FRACTIONAL_PLL|vcoph[0] was found missing 1 generated clock that corresponds to a base clock with a period of: 20.000
    Warning (332056): Node: nios2_sdram|video_pll_0|video_pll|altera_pll_i|general[0].gpll~FRACTIONAL_PLL|vcoph[0] was found missing 1 generated clock that corresponds to a base clock with a period of: 20.000
Critical Warning (308042): (High) Rule C105: Clock signal should be a global signal. (Reporting threshold:25). Found 1 node(s) related to this rule.
    Info (308076): The following clocks all contain more than 25 fanouts. You can either change the following clock signals to global signals, or adjust the reporting threshold in the Design Assistant Settings page.
    Critical Warning (308012): Node  "altera_internal_jtag~TCKUTAP"
Warning (308040): (Medium) Rule C104: Clock signal source should drive only clock input ports. Found 1 nodes related to this rule.
    Warning (308010): Node  "nios2:nios2_sdram|nios2_clocks:clocks|nios2_clocks_sys_pll:sys_pll|altera_pll:altera_pll_i|general[0].gpll~FRACTIONAL_PLL_O_VCOPH0" File: c:/intelfpga_lite/16.1/quartus/libraries/megafunctions/altera_pll.v Line: 749
Info (308046): (Information) Rule T101: Nodes with more than the specified number of fan-outs. (Value defined:30). Found 74 node(s) with highest fan-out.
    Info (308011): Node  "nios2:nios2_sdram|nios2_clocks:clocks|nios2_clocks_sys_pll:sys_pll|altera_pll:altera_pll_i|outclk_wire[0]~CLKENA0" File: c:/intelfpga_lite/16.1/quartus/libraries/megafunctions/altera_pll.v Line: 414
    Info (308011): Node  "nios2:nios2_sdram|altera_reset_controller:rst_controller|r_sync_rst" File: E:/Graduate/6_Projects/FPGA/MyTest/190910_with_vga_pixel/nios2/synthesis/submodules/altera_reset_controller.v Line: 288
    Info (308011): Node  "nios2:nios2_sdram|nios2_sdram:sdram|nios2_sdram_input_efifo_module:the_nios2_sdram_input_efifo_module|entry_1[43]~0" File: E:/Graduate/6_Projects/FPGA/MyTest/190910_with_vga_pixel/nios2/synthesis/submodules/nios2_sdram.v Line: 126
    Info (308011): Node  "nios2:nios2_sdram|nios2_mm_interconnect_0:mm_interconnect_0|nios2_mm_interconnect_0_cmd_mux_001:cmd_mux_002|saved_grant[0]" File: E:/Graduate/6_Projects/FPGA/MyTest/190910_with_vga_pixel/nios2/synthesis/submodules/nios2_mm_interconnect_0_cmd_mux_001.sv Line: 245
    Info (308011): Node  "nios2:nios2_sdram|nios2_mm_interconnect_0:mm_interconnect_0|nios2_mm_interconnect_0_cmd_mux_001:cmd_mux_002|saved_grant[1]" File: E:/Graduate/6_Projects/FPGA/MyTest/190910_with_vga_pixel/nios2/synthesis/submodules/nios2_mm_interconnect_0_cmd_mux_001.sv Line: 245
    Info (308011): Node  "nios2:nios2_sdram|altera_reset_controller:rst_controller_001|r_sync_rst" File: E:/Graduate/6_Projects/FPGA/MyTest/190910_with_vga_pixel/nios2/synthesis/submodules/altera_reset_controller.v Line: 288
    Info (308011): Node  "nios2:nios2_sdram|nios2_nios2:nios2|nios2_nios2_cpu:cpu|nios2_nios2_cpu_nios2_oci:the_nios2_nios2_cpu_nios2_oci|nios2_nios2_cpu_debug_slave_wrapper:the_nios2_nios2_cpu_debug_slave_wrapper|nios2_nios2_cpu_debug_slave_sysclk:the_nios2_nios2_cpu_debug_slave_sysclk|update_jdo_strobe" File: E:/Graduate/6_Projects/FPGA/MyTest/190910_with_vga_pixel/nios2/synthesis/submodules/nios2_nios2_cpu_debug_slave_sysclk.v Line: 82
    Info (308011): Node  "altera_internal_jtag~TCKUTAP"
    Info (308011): Node  "sld_hub:auto_hub|alt_sld_fab_with_jtag_input:\instrumentation_fabric_with_node_gen:fabric_gen_new_way:with_jtag_input_gen:instrumentation_fabric|alt_sld_fab:instrumentation_fabric|alt_sld_fab_alt_sld_fab:alt_sld_fab|alt_sld_fab_alt_sld_fab_sldfabric:sldfabric|sld_jtag_hub:\jtag_hub_gen:real_sld_jtag_hub|sld_shadow_jsm:shadow_jsm|state[3]" File: c:/intelfpga_lite/16.1/quartus/libraries/megafunctions/sld_hub.vhd Line: 1584
    Info (308011): Node  "sld_hub:auto_hub|alt_sld_fab_with_jtag_input:\instrumentation_fabric_with_node_gen:fabric_gen_new_way:with_jtag_input_gen:instrumentation_fabric|alt_sld_fab:instrumentation_fabric|alt_sld_fab_alt_sld_fab:alt_sld_fab|alt_sld_fab_alt_sld_fab_sldfabric:sldfabric|sld_jtag_hub:\jtag_hub_gen:real_sld_jtag_hub|sld_shadow_jsm:shadow_jsm|state[4]" File: c:/intelfpga_lite/16.1/quartus/libraries/megafunctions/sld_hub.vhd Line: 1584
    Info (308011): Node  "sld_hub:auto_hub|alt_sld_fab_with_jtag_input:\instrumentation_fabric_with_node_gen:fabric_gen_new_way:with_jtag_input_gen:instrumentation_fabric|alt_sld_fab:instrumentation_fabric|alt_sld_fab_alt_sld_fab:alt_sld_fab|alt_sld_fab_alt_sld_fab_sldfabric:sldfabric|sld_jtag_hub:\jtag_hub_gen:real_sld_jtag_hub|clr_reg" File: c:/intelfpga_lite/16.1/quartus/libraries/megafunctions/sld_jtag_hub.vhd Line: 255
    Info (308011): Node  "sld_hub:auto_hub|alt_sld_fab_with_jtag_input:\instrumentation_fabric_with_node_gen:fabric_gen_new_way:with_jtag_input_gen:instrumentation_fabric|alt_sld_fab:instrumentation_fabric|alt_sld_fab_alt_sld_fab:alt_sld_fab|alt_sld_fab_alt_sld_fab_sldfabric:sldfabric|sld_jtag_hub:\jtag_hub_gen:real_sld_jtag_hub|virtual_ir_scan_reg" File: c:/intelfpga_lite/16.1/quartus/libraries/megafunctions/sld_jtag_hub.vhd Line: 247
    Info (308011): Node  "nios2:nios2_sdram|nios2_nios2:nios2|nios2_nios2_cpu:cpu|D_iw[1]" File: E:/Graduate/6_Projects/FPGA/MyTest/190910_with_vga_pixel/nios2/synthesis/submodules/nios2_nios2_cpu.v Line: 3931
    Info (308011): Node  "nios2:nios2_sdram|nios2_nios2:nios2|nios2_nios2_cpu:cpu|F_valid~0" File: E:/Graduate/6_Projects/FPGA/MyTest/190910_with_vga_pixel/nios2/synthesis/submodules/nios2_nios2_cpu.v Line: 3313
    Info (308011): Node  "nios2:nios2_sdram|nios2_mm_interconnect_0:mm_interconnect_0|nios2_mm_interconnect_0_rsp_demux_001:rsp_demux_001|src1_valid~0" File: E:/Graduate/6_Projects/FPGA/MyTest/190910_with_vga_pixel/nios2/synthesis/submodules/nios2_mm_interconnect_0_rsp_demux_001.sv Line: 65
    Info (308011): Node  "nios2:nios2_sdram|nios2_nios2:nios2|nios2_nios2_cpu:cpu|E_new_inst" File: E:/Graduate/6_Projects/FPGA/MyTest/190910_with_vga_pixel/nios2/synthesis/submodules/nios2_nios2_cpu.v Line: 3115
    Info (308011): Node  "nios2:nios2_sdram|nios2_nios2:nios2|nios2_nios2_cpu:cpu|R_ctrl_ld" File: E:/Graduate/6_Projects/FPGA/MyTest/190910_with_vga_pixel/nios2/synthesis/submodules/nios2_nios2_cpu.v Line: 3358
    Info (308011): Node  "nios2:nios2_sdram|nios2_nios2:nios2|nios2_nios2_cpu:cpu|D_iw[4]" File: E:/Graduate/6_Projects/FPGA/MyTest/190910_with_vga_pixel/nios2/synthesis/submodules/nios2_nios2_cpu.v Line: 3931
    Info (308011): Node  "nios2:nios2_sdram|nios2_mm_interconnect_0:mm_interconnect_0|nios2_mm_interconnect_0_cmd_demux_002:rsp_demux|src2_valid" File: E:/Graduate/6_Projects/FPGA/MyTest/190910_with_vga_pixel/nios2/synthesis/submodules/nios2_mm_interconnect_0_cmd_demux_002.sv Line: 72
    Info (308011): Node  "nios2:nios2_sdram|nios2_mm_interconnect_0:mm_interconnect_0|altera_avalon_sc_fifo:onchip_memory_s1_agent_rdata_fifo|mem_used[0]" File: E:/Graduate/6_Projects/FPGA/MyTest/190910_with_vga_pixel/nios2/synthesis/submodules/altera_avalon_sc_fifo.v Line: 374
    Info (308011): Node  "nios2:nios2_sdram|nios2_mm_interconnect_0:mm_interconnect_0|altera_merlin_slave_translator:onchip_memory_s1_translator|read_latency_shift_reg[0]~DUPLICATE" File: E:/Graduate/6_Projects/FPGA/MyTest/190910_with_vga_pixel/nios2/synthesis/submodules/altera_merlin_slave_translator.sv Line: 392
    Info (308011): Node  "nios2:nios2_sdram|nios2_nios2:nios2|nios2_nios2_cpu:cpu|R_logic_op[0]" File: E:/Graduate/6_Projects/FPGA/MyTest/190910_with_vga_pixel/nios2/synthesis/submodules/nios2_nios2_cpu.v Line: 3994
    Info (308011): Node  "nios2:nios2_sdram|nios2_nios2:nios2|nios2_nios2_cpu:cpu|D_iw[14]" File: E:/Graduate/6_Projects/FPGA/MyTest/190910_with_vga_pixel/nios2/synthesis/submodules/nios2_nios2_cpu.v Line: 3931
    Info (308011): Node  "nios2:nios2_sdram|nios2_nios2:nios2|nios2_nios2_cpu:cpu|D_iw[2]" File: E:/Graduate/6_Projects/FPGA/MyTest/190910_with_vga_pixel/nios2/synthesis/submodules/nios2_nios2_cpu.v Line: 3931
    Info (308011): Node  "nios2:nios2_sdram|nios2_mm_interconnect_0:mm_interconnect_0|altera_avalon_sc_fifo:onchip_memory_s1_agent_rdata_fifo|always0~0"
    Info (308011): Node  "nios2:nios2_sdram|nios2_video_pll_0:video_pll_0|nios2_video_pll_0_video_pll:video_pll|altera_pll:altera_pll_i|outclk_wire[1]~CLKENA0" File: c:/intelfpga_lite/16.1/quartus/libraries/megafunctions/altera_pll.v Line: 414
    Info (308011): Node  "nios2:nios2_sdram|altera_reset_controller:rst_controller_002|altera_reset_synchronizer:alt_rst_sync_uq1|altera_reset_synchronizer_int_chain_out" File: E:/Graduate/6_Projects/FPGA/MyTest/190910_with_vga_pixel/nios2/synthesis/submodules/altera_reset_synchronizer.v Line: 62
    Info (308011): Node  "nios2:nios2_sdram|nios2_mm_interconnect_0:mm_interconnect_0|nios2_mm_interconnect_0_cmd_mux_001:cmd_mux_001|saved_grant[0]" File: E:/Graduate/6_Projects/FPGA/MyTest/190910_with_vga_pixel/nios2/synthesis/submodules/nios2_mm_interconnect_0_cmd_mux_001.sv Line: 245
    Info (308011): Node  "nios2:nios2_sdram|nios2_nios2:nios2|nios2_nios2_cpu:cpu|D_iw[0]" File: E:/Graduate/6_Projects/FPGA/MyTest/190910_with_vga_pixel/nios2/synthesis/submodules/nios2_nios2_cpu.v Line: 3931
    Info (308011): Node  "nios2:nios2_sdram|nios2_mm_interconnect_0:mm_interconnect_0|altera_merlin_slave_translator:nios2_debug_mem_slave_translator|read_latency_shift_reg[0]" File: E:/Graduate/6_Projects/FPGA/MyTest/190910_with_vga_pixel/nios2/synthesis/submodules/altera_merlin_slave_translator.sv Line: 392
    Info (308002): Truncated list of Design Assistant messages to 30 messages. Go to sections under Design Assistant section of Compilation Report for complete lists of Design Assistant messages generated.
Info (308044): (Information) Rule T102: Top nodes with the highest number of fan-outs. (Value defined:50). Found 50 node(s) with highest fan-out.
    Info (308011): Node  "nios2:nios2_sdram|nios2_clocks:clocks|nios2_clocks_sys_pll:sys_pll|altera_pll:altera_pll_i|outclk_wire[0]~CLKENA0" File: c:/intelfpga_lite/16.1/quartus/libraries/megafunctions/altera_pll.v Line: 414
    Info (308011): Node  "nios2:nios2_sdram|altera_reset_controller:rst_controller|r_sync_rst" File: E:/Graduate/6_Projects/FPGA/MyTest/190910_with_vga_pixel/nios2/synthesis/submodules/altera_reset_controller.v Line: 288
    Info (308011): Node  "nios2:nios2_sdram|altera_reset_controller:rst_controller_001|r_sync_rst" File: E:/Graduate/6_Projects/FPGA/MyTest/190910_with_vga_pixel/nios2/synthesis/submodules/altera_reset_controller.v Line: 288
    Info (308011): Node  "nios2:nios2_sdram|nios2_video_pll_0:video_pll_0|nios2_video_pll_0_video_pll:video_pll|altera_pll:altera_pll_i|outclk_wire[1]~CLKENA0" File: c:/intelfpga_lite/16.1/quartus/libraries/megafunctions/altera_pll.v Line: 414
    Info (308011): Node  "nios2:nios2_sdram|altera_reset_controller:rst_controller_002|altera_reset_synchronizer:alt_rst_sync_uq1|altera_reset_synchronizer_int_chain_out" File: E:/Graduate/6_Projects/FPGA/MyTest/190910_with_vga_pixel/nios2/synthesis/submodules/altera_reset_synchronizer.v Line: 62
    Info (308011): Node  "altera_internal_jtag~TCKUTAP"
    Info (308011): Node  "nios2:nios2_sdram|nios2_mm_interconnect_0:mm_interconnect_0|nios2_mm_interconnect_0_cmd_mux_001:cmd_mux_002|saved_grant[0]" File: E:/Graduate/6_Projects/FPGA/MyTest/190910_with_vga_pixel/nios2/synthesis/submodules/nios2_mm_interconnect_0_cmd_mux_001.sv Line: 245
    Info (308011): Node  "nios2:nios2_sdram|nios2_mm_interconnect_0:mm_interconnect_0|altera_merlin_width_adapter:sdram_s1_cmd_width_adapter|use_reg" File: E:/Graduate/6_Projects/FPGA/MyTest/190910_with_vga_pixel/nios2/synthesis/submodules/altera_merlin_width_adapter.sv Line: 308
    Info (308011): Node  "sld_hub:auto_hub|alt_sld_fab_with_jtag_input:\instrumentation_fabric_with_node_gen:fabric_gen_new_way:with_jtag_input_gen:instrumentation_fabric|alt_sld_fab:instrumentation_fabric|alt_sld_fab_alt_sld_fab:alt_sld_fab|alt_sld_fab_alt_sld_fab_sldfabric:sldfabric|sld_jtag_hub:\jtag_hub_gen:real_sld_jtag_hub|clr_reg" File: c:/intelfpga_lite/16.1/quartus/libraries/megafunctions/sld_jtag_hub.vhd Line: 255
    Info (308011): Node  "nios2:nios2_sdram|nios2_sdram:sdram|nios2_sdram_input_efifo_module:the_nios2_sdram_input_efifo_module|rd_address" File: E:/Graduate/6_Projects/FPGA/MyTest/190910_with_vga_pixel/nios2/synthesis/submodules/nios2_sdram.v Line: 57
    Info (308011): Node  "nios2:nios2_sdram|nios2_mm_interconnect_0:mm_interconnect_0|altera_merlin_slave_translator:nios2_debug_mem_slave_translator|read_latency_shift_reg[0]" File: E:/Graduate/6_Projects/FPGA/MyTest/190910_with_vga_pixel/nios2/synthesis/submodules/altera_merlin_slave_translator.sv Line: 392
    Info (308011): Node  "sld_hub:auto_hub|alt_sld_fab_with_jtag_input:\instrumentation_fabric_with_node_gen:fabric_gen_new_way:with_jtag_input_gen:instrumentation_fabric|alt_sld_fab:instrumentation_fabric|alt_sld_fab_alt_sld_fab:alt_sld_fab|alt_sld_fab_alt_sld_fab_sldfabric:sldfabric|sld_jtag_hub:\jtag_hub_gen:real_sld_jtag_hub|sld_shadow_jsm:shadow_jsm|state[4]" File: c:/intelfpga_lite/16.1/quartus/libraries/megafunctions/sld_hub.vhd Line: 1584
    Info (308011): Node  "nios2:nios2_sdram|nios2_nios2:nios2|nios2_nios2_cpu:cpu|E_new_inst" File: E:/Graduate/6_Projects/FPGA/MyTest/190910_with_vga_pixel/nios2/synthesis/submodules/nios2_nios2_cpu.v Line: 3115
    Info (308011): Node  "nios2:nios2_sdram|nios2_mm_interconnect_0:mm_interconnect_0|nios2_mm_interconnect_0_cmd_mux_001:cmd_mux_001|saved_grant[0]" File: E:/Graduate/6_Projects/FPGA/MyTest/190910_with_vga_pixel/nios2/synthesis/submodules/nios2_mm_interconnect_0_cmd_mux_001.sv Line: 245
    Info (308011): Node  "nios2:nios2_sdram|nios2_mm_interconnect_0:mm_interconnect_0|nios2_mm_interconnect_0_cmd_mux:cmd_mux|saved_grant[1]" File: E:/Graduate/6_Projects/FPGA/MyTest/190910_with_vga_pixel/nios2/synthesis/submodules/nios2_mm_interconnect_0_cmd_mux.sv Line: 259
    Info (308011): Node  "nios2:nios2_sdram|nios2_mm_interconnect_0:mm_interconnect_0|nios2_mm_interconnect_0_cmd_mux_001:cmd_mux_002|saved_grant[1]" File: E:/Graduate/6_Projects/FPGA/MyTest/190910_with_vga_pixel/nios2/synthesis/submodules/nios2_mm_interconnect_0_cmd_mux_001.sv Line: 245
    Info (308011): Node  "nios2:nios2_sdram|nios2_nios2:nios2|nios2_nios2_cpu:cpu|nios2_nios2_cpu_nios2_oci:the_nios2_nios2_cpu_nios2_oci|nios2_nios2_cpu_nios2_ocimem:the_nios2_nios2_cpu_nios2_ocimem|jtag_ram_access" File: E:/Graduate/6_Projects/FPGA/MyTest/190910_with_vga_pixel/nios2/synthesis/submodules/nios2_nios2_cpu.v Line: 2229
    Info (308011): Node  "nios2:nios2_sdram|nios2_sdram:sdram|nios2_sdram_input_efifo_module:the_nios2_sdram_input_efifo_module|entry_0[43]~0" File: E:/Graduate/6_Projects/FPGA/MyTest/190910_with_vga_pixel/nios2/synthesis/submodules/nios2_sdram.v Line: 126
    Info (308011): Node  "nios2:nios2_sdram|nios2_sdram:sdram|active_rnw~2" File: E:/Graduate/6_Projects/FPGA/MyTest/190910_with_vga_pixel/nios2/synthesis/submodules/nios2_sdram.v Line: 215
    Info (308011): Node  "nios2:nios2_sdram|nios2_sdram:sdram|nios2_sdram_input_efifo_module:the_nios2_sdram_input_efifo_module|entry_1[43]~0" File: E:/Graduate/6_Projects/FPGA/MyTest/190910_with_vga_pixel/nios2/synthesis/submodules/nios2_sdram.v Line: 126
    Info (308011): Node  "nios2:nios2_sdram|nios2_mm_interconnect_0:mm_interconnect_0|altera_merlin_width_adapter:sdram_s1_cmd_width_adapter|data_reg[4]~0" File: E:/Graduate/6_Projects/FPGA/MyTest/190910_with_vga_pixel/nios2/synthesis/submodules/altera_merlin_width_adapter.sv Line: 471
    Info (308011): Node  "nios2:nios2_sdram|nios2_nios2:nios2|nios2_nios2_cpu:cpu|nios2_nios2_cpu_nios2_oci:the_nios2_nios2_cpu_nios2_oci|nios2_nios2_cpu_debug_slave_wrapper:the_nios2_nios2_cpu_debug_slave_wrapper|nios2_nios2_cpu_debug_slave_sysclk:the_nios2_nios2_cpu_debug_slave_sysclk|take_action_ocimem_b" File: E:/Graduate/6_Projects/FPGA/MyTest/190910_with_vga_pixel/nios2/synthesis/submodules/nios2_nios2_cpu_debug_slave_sysclk.v Line: 49
    Info (308011): Node  "nios2:nios2_sdram|nios2_mm_interconnect_0:mm_interconnect_0|altera_avalon_st_handshake_clock_crosser:crosser_001|altera_avalon_st_clock_crosser:clock_xer|take_in_data~0" File: E:/Graduate/6_Projects/FPGA/MyTest/190910_with_vga_pixel/nios2/synthesis/submodules/altera_avalon_st_clock_crosser.v Line: 65
    Info (308011): Node  "sld_hub:auto_hub|alt_sld_fab_with_jtag_input:\instrumentation_fabric_with_node_gen:fabric_gen_new_way:with_jtag_input_gen:instrumentation_fabric|alt_sld_fab:instrumentation_fabric|alt_sld_fab_alt_sld_fab:alt_sld_fab|alt_sld_fab_alt_sld_fab_sldfabric:sldfabric|sld_jtag_hub:\jtag_hub_gen:real_sld_jtag_hub|irf_reg[2][1]" File: c:/intelfpga_lite/16.1/quartus/libraries/megafunctions/sld_jtag_hub.vhd Line: 791
    Info (308011): Node  "nios2:nios2_sdram|nios2_mm_interconnect_0:mm_interconnect_0|altera_avalon_sc_fifo:onchip_memory_s1_agent_rdata_fifo|mem_used[0]" File: E:/Graduate/6_Projects/FPGA/MyTest/190910_with_vga_pixel/nios2/synthesis/submodules/altera_avalon_sc_fifo.v Line: 374
    Info (308011): Node  "sld_hub:auto_hub|alt_sld_fab_with_jtag_input:\instrumentation_fabric_with_node_gen:fabric_gen_new_way:with_jtag_input_gen:instrumentation_fabric|alt_sld_fab:instrumentation_fabric|alt_sld_fab_alt_sld_fab:alt_sld_fab|alt_sld_fab_alt_sld_fab_sldfabric:sldfabric|sld_jtag_hub:\jtag_hub_gen:real_sld_jtag_hub|virtual_ir_scan_reg" File: c:/intelfpga_lite/16.1/quartus/libraries/megafunctions/sld_jtag_hub.vhd Line: 247
    Info (308011): Node  "nios2:nios2_sdram|nios2_nios2:nios2|nios2_nios2_cpu:cpu|D_iw[4]" File: E:/Graduate/6_Projects/FPGA/MyTest/190910_with_vga_pixel/nios2/synthesis/submodules/nios2_nios2_cpu.v Line: 3931
    Info (308011): Node  "nios2:nios2_sdram|nios2_nios2:nios2|nios2_nios2_cpu:cpu|nios2_nios2_cpu_nios2_oci:the_nios2_nios2_cpu_nios2_oci|nios2_nios2_cpu_debug_slave_wrapper:the_nios2_nios2_cpu_debug_slave_wrapper|nios2_nios2_cpu_debug_slave_sysclk:the_nios2_nios2_cpu_debug_slave_sysclk|update_jdo_strobe" File: E:/Graduate/6_Projects/FPGA/MyTest/190910_with_vga_pixel/nios2/synthesis/submodules/nios2_nios2_cpu_debug_slave_sysclk.v Line: 82
    Info (308011): Node  "nios2:nios2_sdram|nios2_mm_interconnect_0:mm_interconnect_0|altera_merlin_slave_translator:onchip_memory_s1_translator|read_latency_shift_reg[0]~DUPLICATE" File: E:/Graduate/6_Projects/FPGA/MyTest/190910_with_vga_pixel/nios2/synthesis/submodules/altera_merlin_slave_translator.sv Line: 392
    Info (308011): Node  "sld_hub:auto_hub|alt_sld_fab_with_jtag_input:\instrumentation_fabric_with_node_gen:fabric_gen_new_way:with_jtag_input_gen:instrumentation_fabric|alt_sld_fab:instrumentation_fabric|alt_sld_fab_alt_sld_fab:alt_sld_fab|alt_sld_fab_alt_sld_fab_sldfabric:sldfabric|sld_jtag_hub:\jtag_hub_gen:real_sld_jtag_hub|sld_shadow_jsm:shadow_jsm|state[3]" File: c:/intelfpga_lite/16.1/quartus/libraries/megafunctions/sld_hub.vhd Line: 1584
    Info (308002): Truncated list of Design Assistant messages to 30 messages. Go to sections under Design Assistant section of Compilation Report for complete lists of Design Assistant messages generated.
Info (308007): Design Assistant information: finished post-fitting analysis of current design -- generated 124 information messages and 2 warning messages
Info: Quartus Prime Design Assistant was successful. 0 errors, 10 warnings
    Info: Peak virtual memory: 650 megabytes
    Info: Processing ended: Tue Sep 10 16:39:08 2019
    Info: Elapsed time: 00:00:03
    Info: Total CPU time (on all processors): 00:00:03


