Flow report for base_sdram
Wed Aug 25 15:03:20 2021
Quartus Prime Version 16.1.0 Build 196 10/24/2016 SJ Lite Edition


---------------------
; Table of Contents ;
---------------------
  1. Legal Notice
  2. Flow Summary
  3. Flow Settings
  4. Flow Non-Default Global Settings
  5. Flow Elapsed Time
  6. Flow OS Summary
  7. Flow Log
  8. Flow Messages
  9. Flow Suppressed Messages



----------------
; Legal Notice ;
----------------
Copyright (C) 2016  Intel Corporation. All rights reserved.
Your use of Intel Corporation's design tools, logic functions 
and other software and tools, and its AMPP partner logic 
functions, and any output files from any of the foregoing 
(including device programming or simulation files), and any 
associated documentation or information are expressly subject 
to the terms and conditions of the Intel Program License 
Subscription Agreement, the Intel Quartus Prime License Agreement,
the Intel MegaCore Function License Agreement, or other 
applicable license agreement, including, without limitation, 
that your use is for the sole purpose of programming logic 
devices manufactured by Intel and sold by Intel or its 
authorized distributors.  Please refer to the applicable 
agreement for further details.



+-------------------------------------------------------------------------------+
; Flow Summary                                                                  ;
+---------------------------------+---------------------------------------------+
; Flow Status                     ; Successful - Wed Aug 25 15:03:20 2021       ;
; Quartus Prime Version           ; 16.1.0 Build 196 10/24/2016 SJ Lite Edition ;
; Revision Name                   ; base_sdram                                  ;
; Top-level Entity Name           ; DE1_SOC_golden_top                          ;
; Family                          ; Cyclone V                                   ;
; Device                          ; 5CSEMA5F31C6                                ;
; Timing Models                   ; Final                                       ;
; Logic utilization (in ALMs)     ; 28,297 / 32,070 ( 88 % )                    ;
; Total registers                 ; 17702                                       ;
; Total pins                      ; 366 / 457 ( 80 % )                          ;
; Total virtual pins              ; 0                                           ;
; Total block memory bits         ; 156,166 / 4,065,280 ( 4 % )                 ;
; Total DSP Blocks                ; 51 / 87 ( 59 % )                            ;
; Total HSSI RX PCSs              ; 0                                           ;
; Total HSSI PMA RX Deserializers ; 0                                           ;
; Total HSSI TX PCSs              ; 0                                           ;
; Total HSSI PMA TX Serializers   ; 0                                           ;
; Total PLLs                      ; 3 / 6 ( 50 % )                              ;
; Total DLLs                      ; 1 / 4 ( 25 % )                              ;
+---------------------------------+---------------------------------------------+


+-----------------------------------------+
; Flow Settings                           ;
+-------------------+---------------------+
; Option            ; Setting             ;
+-------------------+---------------------+
; Start date & time ; 08/25/2021 14:39:44 ;
; Main task         ; Compilation         ;
; Revision Name     ; base_sdram          ;
+-------------------+---------------------+


+--------------------------------------------------------------------------------------------------------------------------------------------------------------------------+
; Flow Non-Default Global Settings                                                                                                                                         ;
+---------------------------------------+---------------------------------------------------------------------+---------------+---------------------------+----------------+
; Assignment Name                       ; Value                                                               ; Default Value ; Entity Name               ; Section Id     ;
+---------------------------------------+---------------------------------------------------------------------+---------------+---------------------------+----------------+
; COMPILER_SIGNATURE_ID                 ; 30902512662674.162986997714924                                      ; --            ; --                        ; --             ;
; ECO_REGENERATE_REPORT                 ; On                                                                  ; Off           ; --                        ; --             ;
; EDA_OUTPUT_DATA_FORMAT                ; Verilog Hdl                                                         ; --            ; --                        ; eda_simulation ;
; EDA_SIMULATION_TOOL                   ; ModelSim (Verilog)                                                  ; <None>        ; --                        ; --             ;
; EDA_TIME_SCALE                        ; 1 ps                                                                ; --            ; --                        ; eda_simulation ;
; ENABLE_SIGNALTAP                      ; Off                                                                 ; --            ; --                        ; --             ;
; HPS_ISW_FILE                          ; nios2/synthesis/submodules/sequencer/alt_types.pre.h                ; --            ; nios2_hps_0_hps_io_border ; --             ;
; HPS_ISW_FILE                          ; nios2/synthesis/submodules/sequencer/emif.pre.xml                   ; --            ; nios2_hps_0_hps_io_border ; --             ;
; HPS_ISW_FILE                          ; nios2/synthesis/submodules/sequencer/sdram_io.pre.h                 ; --            ; nios2_hps_0_hps_io_border ; --             ;
; HPS_ISW_FILE                          ; nios2/synthesis/submodules/sequencer/sequencer.pre.c                ; --            ; nios2_hps_0_hps_io_border ; --             ;
; HPS_ISW_FILE                          ; nios2/synthesis/submodules/sequencer/sequencer.pre.h                ; --            ; nios2_hps_0_hps_io_border ; --             ;
; HPS_ISW_FILE                          ; nios2/synthesis/submodules/sequencer/sequencer_auto.pre.h           ; --            ; nios2_hps_0_hps_io_border ; --             ;
; HPS_ISW_FILE                          ; nios2/synthesis/submodules/sequencer/sequencer_auto_ac_init.pre.c   ; --            ; nios2_hps_0_hps_io_border ; --             ;
; HPS_ISW_FILE                          ; nios2/synthesis/submodules/sequencer/sequencer_auto_inst_init.pre.c ; --            ; nios2_hps_0_hps_io_border ; --             ;
; HPS_ISW_FILE                          ; nios2/synthesis/submodules/sequencer/sequencer_defines.pre.h        ; --            ; nios2_hps_0_hps_io_border ; --             ;
; HPS_ISW_FILE                          ; nios2/synthesis/submodules/sequencer/system.pre.h                   ; --            ; nios2_hps_0_hps_io_border ; --             ;
; HPS_ISW_FILE                          ; nios2/synthesis/submodules/sequencer/tclrpt.pre.c                   ; --            ; nios2_hps_0_hps_io_border ; --             ;
; HPS_ISW_FILE                          ; nios2/synthesis/submodules/sequencer/tclrpt.pre.h                   ; --            ; nios2_hps_0_hps_io_border ; --             ;
; HPS_ISW_FILE                          ; nios2/synthesis/submodules/hps.pre.xml                              ; --            ; nios2_hps_0_hps_io_border ; --             ;
; HPS_PARTITION                         ; On                                                                  ; --            ; nios2_hps_0_hps_io_border ; --             ;
; MAX_CORE_JUNCTION_TEMP                ; 85                                                                  ; --            ; --                        ; --             ;
; MIN_CORE_JUNCTION_TEMP                ; 0                                                                   ; --            ; --                        ; --             ;
; MISC_FILE                             ; VGA_subsystem/synthesis/../VGA_subsystem.cmp                        ; --            ; --                        ; --             ;
; MISC_FILE                             ; VGA_subsystem/synthesis/../../VGA_subsystem.qsys                    ; --            ; --                        ; --             ;
; MISC_FILE                             ; nios2/synthesis/../nios2.cmp                                        ; --            ; --                        ; --             ;
; MISC_FILE                             ; nios2/synthesis/../../D                                             ; --            ; --                        ; --             ;
; MISC_FILE                             ; nios2/synthesis/nios2_hps_0_hps.svd                                 ; --            ; --                        ; --             ;
; MISC_FILE                             ; nios2/synthesis/../../nios2.qsys                                    ; --            ; --                        ; --             ;
; MISC_FILE                             ; nios2/synthesis/submodules/sequencer/alt_types.pre.h                ; --            ; --                        ; --             ;
; MISC_FILE                             ; nios2/synthesis/submodules/sequencer/emif.pre.xml                   ; --            ; --                        ; --             ;
; MISC_FILE                             ; nios2/synthesis/submodules/sequencer/sdram_io.pre.h                 ; --            ; --                        ; --             ;
; MISC_FILE                             ; nios2/synthesis/submodules/sequencer/sequencer.pre.c                ; --            ; --                        ; --             ;
; MISC_FILE                             ; nios2/synthesis/submodules/sequencer/sequencer.pre.h                ; --            ; --                        ; --             ;
; MISC_FILE                             ; nios2/synthesis/submodules/sequencer/sequencer_auto.pre.h           ; --            ; --                        ; --             ;
; MISC_FILE                             ; nios2/synthesis/submodules/sequencer/sequencer_auto_ac_init.pre.c   ; --            ; --                        ; --             ;
; MISC_FILE                             ; nios2/synthesis/submodules/sequencer/sequencer_auto_inst_init.pre.c ; --            ; --                        ; --             ;
; MISC_FILE                             ; nios2/synthesis/submodules/sequencer/sequencer_defines.pre.h        ; --            ; --                        ; --             ;
; MISC_FILE                             ; nios2/synthesis/submodules/sequencer/system.pre.h                   ; --            ; --                        ; --             ;
; MISC_FILE                             ; nios2/synthesis/submodules/sequencer/tclrpt.pre.c                   ; --            ; --                        ; --             ;
; MISC_FILE                             ; nios2/synthesis/submodules/sequencer/tclrpt.pre.h                   ; --            ; --                        ; --             ;
; MISC_FILE                             ; nios2/synthesis/submodules/hps.pre.xml                              ; --            ; --                        ; --             ;
; MISC_FILE                             ; ip/ADC_PLL/adc_pll.cmp                                              ; --            ; --                        ; --             ;
; MISC_FILE                             ; ip/ADC_PLL/adc_pll_sim/adc_pll.vo                                   ; --            ; --                        ; --             ;
; PARTITION_COLOR                       ; -- (Not supported for targeted family)                              ; --            ; DE1_SOC_golden_top        ; Top            ;
; PARTITION_FITTER_PRESERVATION_LEVEL   ; -- (Not supported for targeted family)                              ; --            ; DE1_SOC_golden_top        ; Top            ;
; PARTITION_NETLIST_TYPE                ; -- (Not supported for targeted family)                              ; --            ; DE1_SOC_golden_top        ; Top            ;
; POWER_BOARD_THERMAL_MODEL             ; None (CONSERVATIVE)                                                 ; --            ; --                        ; --             ;
; POWER_PRESET_COOLING_SOLUTION         ; 23 MM HEAT SINK WITH 200 LFPM AIRFLOW                               ; --            ; --                        ; --             ;
; PROJECT_OUTPUT_DIRECTORY              ; output_files                                                        ; --            ; --                        ; --             ;
; SLD_FILE                              ; VGA_subsystem/synthesis/VGA_subsystem.debuginfo                     ; --            ; --                        ; --             ;
; SLD_FILE                              ; nios2/synthesis/nios2.regmap                                        ; --            ; --                        ; --             ;
; SLD_FILE                              ; nios2/synthesis/nios2.debuginfo                                     ; --            ; --                        ; --             ;
; SLD_INFO                              ; QSYS_NAME VGA_subsystem HAS_SOPCINFO 1 GENERATION_ID 1590486023     ; --            ; VGA_subsystem             ; --             ;
; SLD_INFO                              ; QSYS_NAME nios2 HAS_SOPCINFO 1 GENERATION_ID 1627699203             ; --            ; nios2                     ; --             ;
; SOPCINFO_FILE                         ; VGA_subsystem/synthesis/../../VGA_subsystem.sopcinfo                ; --            ; --                        ; --             ;
; SOPCINFO_FILE                         ; nios2/synthesis/../../nios2.sopcinfo                                ; --            ; --                        ; --             ;
; SPD_FILE                              ; ip/ADC_PLL/adc_pll.spd                                              ; --            ; --                        ; --             ;
; SYNTHESIS_ONLY_QIP                    ; On                                                                  ; --            ; --                        ; --             ;
; SYNTHESIS_ONLY_QIP                    ; On                                                                  ; --            ; --                        ; --             ;
; SYNTHESIS_ONLY_QIP                    ; On                                                                  ; --            ; --                        ; --             ;
; TOP_LEVEL_ENTITY                      ; DE1_SOC_golden_top                                                  ; base_sdram    ; --                        ; --             ;
; USE_DLL_FREQUENCY_FOR_DQS_DELAY_CHAIN ; On                                                                  ; Off           ; --                        ; --             ;
; USE_SIGNALTAP_FILE                    ; output_files/stp1.stp                                               ; --            ; --                        ; --             ;
+---------------------------------------+---------------------------------------------------------------------+---------------+---------------------------+----------------+


+-------------------------------------------------------------------------------------------------------------------------------+
; Flow Elapsed Time                                                                                                             ;
+---------------------------+--------------+-------------------------+---------------------+------------------------------------+
; Module Name               ; Elapsed Time ; Average Processors Used ; Peak Virtual Memory ; Total CPU Time (on all processors) ;
+---------------------------+--------------+-------------------------+---------------------+------------------------------------+
; Analysis & Synthesis      ; 00:02:40     ; 1.9                     ; 5568 MB             ; 00:04:48                           ;
; Fitter                    ; 00:14:26     ; 1.3                     ; 8385 MB             ; 00:36:16                           ;
; Assembler                 ; 00:00:42     ; 1.0                     ; 5286 MB             ; 00:00:40                           ;
; TimeQuest Timing Analyzer ; 00:02:02     ; 2.3                     ; 6442 MB             ; 00:04:22                           ;
; EDA Netlist Writer        ; 00:00:25     ; 1.0                     ; 5560 MB             ; 00:00:26                           ;
; Total                     ; 00:20:15     ; --                      ; --                  ; 00:46:32                           ;
+---------------------------+--------------+-------------------------+---------------------+------------------------------------+


+-----------------------------------------------------------------------------------------+
; Flow OS Summary                                                                         ;
+---------------------------+------------------+------------+------------+----------------+
; Module Name               ; Machine Hostname ; OS Name    ; OS Version ; Processor type ;
+---------------------------+------------------+------------+------------+----------------+
; Analysis & Synthesis      ; DESKTOP-TFOBGPB  ; Windows 10 ; 10.0       ; x86_64         ;
; Fitter                    ; DESKTOP-TFOBGPB  ; Windows 10 ; 10.0       ; x86_64         ;
; Assembler                 ; DESKTOP-TFOBGPB  ; Windows 10 ; 10.0       ; x86_64         ;
; TimeQuest Timing Analyzer ; DESKTOP-TFOBGPB  ; Windows 10 ; 10.0       ; x86_64         ;
; EDA Netlist Writer        ; DESKTOP-TFOBGPB  ; Windows 10 ; 10.0       ; x86_64         ;
+---------------------------+------------------+------------+------------+----------------+


------------
; Flow Log ;
------------
quartus_map --read_settings_files=on --write_settings_files=off base_sdram -c base_sdram
quartus_fit --read_settings_files=off --write_settings_files=off base_sdram -c base_sdram
quartus_asm --read_settings_files=off --write_settings_files=off base_sdram -c base_sdram
quartus_sta base_sdram -c base_sdram
quartus_eda --read_settings_files=off --write_settings_files=off base_sdram -c base_sdram



